c:\users\admin\source\repos\xexe\vs\windows\build\vc141.pdb
c:\users\admin\source\repos\xexe\vs\windows\build\ultil.obj
c:\users\admin\source\repos\xexe\vs\windows\build\quicklz.obj
c:\users\admin\source\repos\xexe\vs\windows\build\main.obj
c:\users\admin\source\repos\xexe\bin\windows.exe
c:\users\admin\source\repos\xexe\bin\windows.pdb
c:\users\admin\source\repos\xexe\vs\windows\build\res.res
c:\users\admin\source\repos\xexe\bin\windows.ipdb
c:\users\admin\source\repos\xexe\bin\windows.iobj
c:\users\admin\source\repos\xexe\/bin/windows.pdb
c:\users\admin\source\repos\xexe\/bin/windows.exe
c:\users\admin\source\repos\xexe\vs\windows\build\windows.tlog\cl.command.1.tlog
c:\users\admin\source\repos\xexe\vs\windows\build\windows.tlog\cl.read.1.tlog
c:\users\admin\source\repos\xexe\vs\windows\build\windows.tlog\cl.write.1.tlog
c:\users\admin\source\repos\xexe\vs\windows\build\windows.tlog\link.command.1.tlog
c:\users\admin\source\repos\xexe\vs\windows\build\windows.tlog\link.read.1.tlog
c:\users\admin\source\repos\xexe\vs\windows\build\windows.tlog\link.write.1.tlog
c:\users\admin\source\repos\xexe\vs\windows\build\windows.tlog\rc.command.1.tlog
c:\users\admin\source\repos\xexe\vs\windows\build\windows.tlog\rc.read.1.tlog
c:\users\admin\source\repos\xexe\vs\windows\build\windows.tlog\rc.write.1.tlog
c:\users\admin\source\repos\xexe\vs\windows\build\windows.tlog\windows.write.1u.tlog
