c:\users\admin\source\repos\xexe\vs\console\build\vc141.pdb
c:\users\admin\source\repos\xexe\vs\console\build\ultil.obj
c:\users\admin\source\repos\xexe\vs\console\build\quicklz.obj
c:\users\admin\source\repos\xexe\vs\console\build\main.obj
c:\users\admin\source\repos\xexe\bin\console.ipdb
c:\users\admin\source\repos\xexe\bin\console.iobj
c:\users\admin\source\repos\xexe\bin\console.exe
c:\users\admin\source\repos\xexe\bin\console.pdb
c:\users\admin\source\repos\xexe\vs\console\build\res.res
c:\users\admin\source\repos\xexe\/bin/console.pdb
c:\users\admin\source\repos\xexe\/bin/console.exe
c:\users\admin\source\repos\xexe\vs\console\build\console.tlog\cl.command.1.tlog
c:\users\admin\source\repos\xexe\vs\console\build\console.tlog\cl.read.1.tlog
c:\users\admin\source\repos\xexe\vs\console\build\console.tlog\cl.write.1.tlog
c:\users\admin\source\repos\xexe\vs\console\build\console.tlog\console.write.1u.tlog
c:\users\admin\source\repos\xexe\vs\console\build\console.tlog\link.command.1.tlog
c:\users\admin\source\repos\xexe\vs\console\build\console.tlog\link.read.1.tlog
c:\users\admin\source\repos\xexe\vs\console\build\console.tlog\link.write.1.tlog
c:\users\admin\source\repos\xexe\vs\console\build\console.tlog\rc.command.1.tlog
c:\users\admin\source\repos\xexe\vs\console\build\console.tlog\rc.read.1.tlog
c:\users\admin\source\repos\xexe\vs\console\build\console.tlog\rc.write.1.tlog
